<?xml version="1.0" encoding="UTF-8"?>
<!-- Generated by org.testng.reporters.JUnitReportReporter -->
<testsuite hostname="Ashok" failures="0" tests="1" name="tests.LoginTest" time="0.371" errors="0" timestamp="2022-11-26T22:33:27 IST" skipped="0">
  <testcase classname="tests.LoginTest" name="VerifyLogin" time="0.371"/>
  <system-out/>
</testsuite> <!-- tests.LoginTest -->
