<?xml version="1.0" encoding="UTF-8"?>
<!-- Generated by org.testng.reporters.JUnitReportReporter -->
<testsuite hostname="DESKTOP-MN986D6" failures="0" tests="1" name="tests.LoginTest" time="4.225" errors="0" timestamp="2022-11-27T02:33:19 IST" skipped="0">
  <testcase classname="tests.LoginTest" name="VerifyLogin" time="4.225"/>
  <system-out/>
</testsuite> <!-- tests.LoginTest -->
